<?xml version="1.0" encoding="UTF-8"?>
<!-- Generated by org.testng.reporters.JUnitReportReporter -->
<testsuite skipped="0" hostname="cb5b6d0609d6" name="com.searchmodule.tests.SearchTest" tests="1" failures="0" timestamp="20 Mar 2021 14:00:16 GMT" time="11.167" errors="0">
  <testcase name="search" time="11.167" classname="com.searchmodule.tests.SearchTest"/>
</testsuite> <!-- com.searchmodule.tests.SearchTest -->
